<?xml version="1.0" encoding="UTF-8"?>
<!-- Generated by org.testng.reporters.JUnitXMLReporter -->
<testsuite hostname="DESKTOP-0AG0V8V" ignored="4" name="Default test" tests="1" failures="0" timestamp="25 Feb 2020 12:54:40 GMT" time="51.577" errors="0">
  <testcase name="Login_Test" time="10.812" classname="com.testcases.LoginPageTest"/>
  <testcase name="verify_Valuechain_wesite_navigation_on_clicking_Valuechain_logo_Test" time="0.0" classname="com.testcases.LoginPageTest">
    <ignored/>
  </testcase> <!-- verify_Valuechain_wesite_navigation_on_clicking_Valuechain_logo_Test -->
  <testcase name="Login_Test1" time="0.0" classname="com.testcases.LoginPageTest">
    <ignored/>
  </testcase> <!-- Login_Test1 -->
  <testcase name="LoginPage_Title_Test1" time="0.0" classname="com.testcases.LoginPageTest">
    <ignored/>
  </testcase> <!-- LoginPage_Title_Test1 -->
  <testcase name="LoginPage_Title_Test" time="0.0" classname="com.testcases.LoginPageTest">
    <ignored/>
  </testcase> <!-- LoginPage_Title_Test -->
</testsuite> <!-- Default test -->
