<?xml version="1.0" encoding="UTF-8"?>
<testng-results skipped="0" failed="0" ignored="4" total="5" passed="1">
  <reporter-output>
    <line>
      <![CDATA[Sending text 'demo' to: username]]>
    </line>
    <line>
      <![CDATA[Trying to find Element: username]]>
    </line>
    <line>
      <![CDATA[Found Element: username]]>
    </line>
    <line>
      <![CDATA[Sending text 'vcD3v123' to: password]]>
    </line>
    <line>
      <![CDATA[Trying to find Element: password]]>
    </line>
    <line>
      <![CDATA[Found Element: password]]>
    </line>
    <line>
      <![CDATA[Clicking using JavaScript on: loginBtn]]>
    </line>
    <line>
      <![CDATA[Trying to find Element: loginBtn]]>
    </line>
    <line>
      <![CDATA[Found Element: loginBtn]]>
    </line>
    <line>
      <![CDATA[Clicking using JavaScript on: menuBtn]]>
    </line>
    <line>
      <![CDATA[Trying to find Element: menuBtn]]>
    </line>
    <line>
      <![CDATA[Found Element: menuBtn]]>
    </line>
    <line>
      <![CDATA[Clicking on: newiQaptureBtn]]>
    </line>
    <line>
      <![CDATA[Trying to find Element: newiQaptureBtn]]>
    </line>
    <line>
      <![CDATA[Found Element: newiQaptureBtn]]>
    </line>
    <line>
      <![CDATA[Trying to find Element: dashBoardLink]]>
    </line>
    <line>
      <![CDATA[Found Element: dashBoardLink]]>
    </line>
    <line>
      <![CDATA[Dashboard page displayed and login successful]]>
    </line>
    <line>
      <![CDATA[User Loggedin Successfully & Dash Board Page Opened]]>
    </line>
  </reporter-output>
  <suite name="Default suite" duration-ms="71157" started-at="2020-02-27T03:20:02Z" finished-at="2020-02-27T03:21:14Z">
    <groups>
    </groups>
    <test name="Default test" duration-ms="71157" started-at="2020-02-27T03:20:02Z" finished-at="2020-02-27T03:21:14Z">
      <class name="com.testcases.LoginPageTest">
        <test-method status="PASS" signature="beforeSuite()[pri:0, instance:com.testcases.LoginPageTest@271053e1]" name="beforeSuite" is-config="true" duration-ms="2908" started-at="2020-02-27T03:20:00Z" finished-at="2020-02-27T03:20:02Z">
          <reporter-output>
          </reporter-output>
        </test-method> <!-- beforeSuite -->
        <test-method status="PASS" signature="setUp()[pri:0, instance:com.testcases.LoginPageTest@271053e1]" name="setUp" is-config="true" duration-ms="40025" started-at="2020-02-27T03:20:03Z" finished-at="2020-02-27T03:20:43Z">
          <reporter-output>
          </reporter-output>
        </test-method> <!-- setUp -->
        <test-method status="PASS" signature="Login_Test()[pri:0, instance:com.testcases.LoginPageTest@271053e1]" name="Login_Test" duration-ms="30081" started-at="2020-02-27T03:20:43Z" finished-at="2020-02-27T03:21:13Z">
          <reporter-output>
            <line>
              <![CDATA[Sending text 'demo' to: username]]>
            </line>
            <line>
              <![CDATA[Trying to find Element: username]]>
            </line>
            <line>
              <![CDATA[Found Element: username]]>
            </line>
            <line>
              <![CDATA[Sending text 'vcD3v123' to: password]]>
            </line>
            <line>
              <![CDATA[Trying to find Element: password]]>
            </line>
            <line>
              <![CDATA[Found Element: password]]>
            </line>
            <line>
              <![CDATA[Clicking using JavaScript on: loginBtn]]>
            </line>
            <line>
              <![CDATA[Trying to find Element: loginBtn]]>
            </line>
            <line>
              <![CDATA[Found Element: loginBtn]]>
            </line>
            <line>
              <![CDATA[Clicking using JavaScript on: menuBtn]]>
            </line>
            <line>
              <![CDATA[Trying to find Element: menuBtn]]>
            </line>
            <line>
              <![CDATA[Found Element: menuBtn]]>
            </line>
            <line>
              <![CDATA[Clicking on: newiQaptureBtn]]>
            </line>
            <line>
              <![CDATA[Trying to find Element: newiQaptureBtn]]>
            </line>
            <line>
              <![CDATA[Found Element: newiQaptureBtn]]>
            </line>
            <line>
              <![CDATA[Trying to find Element: dashBoardLink]]>
            </line>
            <line>
              <![CDATA[Found Element: dashBoardLink]]>
            </line>
            <line>
              <![CDATA[Dashboard page displayed and login successful]]>
            </line>
            <line>
              <![CDATA[User Loggedin Successfully & Dash Board Page Opened]]>
            </line>
          </reporter-output>
        </test-method> <!-- Login_Test -->
        <test-method status="PASS" signature="tearDown()[pri:0, instance:com.testcases.LoginPageTest@271053e1]" name="tearDown" is-config="true" duration-ms="945" started-at="2020-02-27T03:21:13Z" finished-at="2020-02-27T03:21:14Z">
          <reporter-output>
          </reporter-output>
        </test-method> <!-- tearDown -->
        <test-method status="PASS" signature="afterSuite()[pri:0, instance:com.testcases.LoginPageTest@271053e1]" name="afterSuite" is-config="true" duration-ms="0" started-at="2020-02-27T03:21:15Z" finished-at="2020-02-27T03:21:15Z">
          <reporter-output>
          </reporter-output>
        </test-method> <!-- afterSuite -->
      </class> <!-- com.testcases.LoginPageTest -->
    </test> <!-- Default test -->
  </suite> <!-- Default suite -->
</testng-results>
